<?xml version="1.0" encoding="UTF-8"?>
<!-- Generated by org.testng.reporters.JUnitXMLReporter -->
<testsuite ignored="2" hostname="LAPTOP-592MAVU8" failures="0" tests="2" name="EnableDisableTest" time="5.901" errors="0" timestamp="2023-03-24T17:15:23 IST">
  <testcase classname="com.test.EnableDisableTest" name="@BeforeTest LaunchApp" time="5.825">
    <failure type="org.openqa.selenium.remote.http.ConnectionFailedException" message="Unable to establish websocket connection to http://localhost:49780/devtools/browser/11519982-6043-4987-9fe2-beac9c025d77
Build info: version: &amp;apos;4.5.0&amp;apos;, revision: &amp;apos;fe167b119a&amp;apos;
System info: os.name: &amp;apos;Windows 11&amp;apos;, os.arch: &amp;apos;amd64&amp;apos;, os.version: &amp;apos;10.0&amp;apos;, java.version: &amp;apos;17.0.2&amp;apos;
Driver info: driver.version: ChromeDriver">
      <![CDATA[org.openqa.selenium.remote.http.ConnectionFailedException: Unable to establish websocket connection to http://localhost:49780/devtools/browser/11519982-6043-4987-9fe2-beac9c025d77
Build info: version: '4.5.0', revision: 'fe167b119a'
System info: os.name: 'Windows 11', os.arch: 'amd64', os.version: '10.0', java.version: '17.0.2'
Driver info: driver.version: ChromeDriver
at org.openqa.selenium.remote.http.netty.NettyWebSocket.<init>(NettyWebSocket.java:102)
at org.openqa.selenium.remote.http.netty.NettyWebSocket.lambda$create$3(NettyWebSocket.java:128)
at org.openqa.selenium.remote.http.netty.NettyClient.openSocket(NettyClient.java:107)
at org.openqa.selenium.devtools.Connection.<init>(Connection.java:77)
at org.openqa.selenium.chromium.ChromiumDriver.lambda$new$2(ChromiumDriver.java:116)
at java.base/java.util.Optional.map(Optional.java:260)
at org.openqa.selenium.chromium.ChromiumDriver.<init>(ChromiumDriver.java:114)
at org.openqa.selenium.chrome.ChromeDriver.<init>(ChromeDriver.java:81)
at org.openqa.selenium.chrome.ChromeDriver.<init>(ChromeDriver.java:49)
at com.test.EnableDisableTest.LaunchApp(EnableDisableTest.java:60)
... Removed 24 stack frames]]>
    </failure>
  </testcase> <!-- @BeforeTest LaunchApp -->
  <testcase classname="com.test.EnableDisableTest" name="@AfterTest Teardown" time="0.0">
    <skipped/>
  </testcase> <!-- @AfterTest Teardown -->
  <testcase classname="com.test.EnableDisableTest" name="launchUrl" time="0.0">
    <skipped/>
  </testcase> <!-- launchUrl -->
  <testcase classname="com.test.EnableDisableTest" name="VerifyLogIn" time="0.0">
    <skipped/>
  </testcase> <!-- VerifyLogIn -->
  <testcase classname="com.test.EnableDisableTest" name="VerfyInfo" time="0.0">
    <ignored/>
  </testcase> <!-- VerfyInfo -->
  <testcase classname="com.test.EnableDisableTest" name="NavigateToInfo" time="0.0">
    <ignored/>
  </testcase> <!-- NavigateToInfo -->
</testsuite> <!-- EnableDisableTest -->
